<?xml version="1.0" encoding="UTF-8"?>
<!-- Generated by org.testng.reporters.JUnitReportReporter -->
<testsuite skipped="0" hostname="SatishN" name="TST.SimpleGetTest" tests="1" failures="0" timestamp="22 Aug 2018 01:09:45 GMT" time="5.408" errors="0">
  <testcase name="getWheatherDetails" time="5.408" classname="TST.SimpleGetTest"/>
</testsuite> <!-- TST.SimpleGetTest -->
